e:\informatyka\cpp\vsprojects\mysdltry_project\mysdltry_project\debug\vc141.pdb
e:\informatyka\cpp\vsprojects\mysdltry_project\mysdltry_project\debug\vc141.idb
e:\informatyka\cpp\vsprojects\mysdltry_project\mysdltry_project\debug\timer.obj
e:\informatyka\cpp\vsprojects\mysdltry_project\mysdltry_project\debug\texture.obj
e:\informatyka\cpp\vsprojects\mysdltry_project\mysdltry_project\debug\player.obj
e:\informatyka\cpp\vsprojects\mysdltry_project\mysdltry_project\debug\main.obj
e:\informatyka\cpp\vsprojects\mysdltry_project\mysdltry_project\debug\input.obj
e:\informatyka\cpp\vsprojects\mysdltry_project\mysdltry_project\debug\handler.obj
e:\informatyka\cpp\vsprojects\mysdltry_project\mysdltry_project\debug\graphics.obj
e:\informatyka\cpp\vsprojects\mysdltry_project\mysdltry_project\debug\game.obj
e:\informatyka\cpp\vsprojects\mysdltry_project\mysdltry_project\debug\entity.obj
e:\informatyka\cpp\vsprojects\mysdltry_project\mysdltry_project\debug\collision.obj
e:\informatyka\cpp\vsprojects\mysdltry_project\mysdltry_project\debug\ball.obj
e:\informatyka\cpp\vsprojects\mysdltry_project\mysdltry_project\debug\assetmanager.obj
e:\informatyka\cpp\vsprojects\mysdltry_project\debug\mysdltry_project.exe
e:\informatyka\cpp\vsprojects\mysdltry_project\debug\mysdltry_project.ilk
e:\informatyka\cpp\vsprojects\mysdltry_project\debug\mysdltry_project.pdb
e:\informatyka\cpp\vsprojects\mysdltry_project\mysdltry_project\debug\mysdltry_project.tlog\cl.command.1.tlog
e:\informatyka\cpp\vsprojects\mysdltry_project\mysdltry_project\debug\mysdltry_project.tlog\cl.read.1.tlog
e:\informatyka\cpp\vsprojects\mysdltry_project\mysdltry_project\debug\mysdltry_project.tlog\cl.write.1.tlog
e:\informatyka\cpp\vsprojects\mysdltry_project\mysdltry_project\debug\mysdltry_project.tlog\link.command.1.tlog
e:\informatyka\cpp\vsprojects\mysdltry_project\mysdltry_project\debug\mysdltry_project.tlog\link.read.1.tlog
e:\informatyka\cpp\vsprojects\mysdltry_project\mysdltry_project\debug\mysdltry_project.tlog\link.write.1.tlog
